# JRE version: OpenJDK Runtime Environment (17.0.11) (build 17.0.11+0--11852314)
# Java VM: OpenJDK 64-Bit Server VM (17.0.11+0--11852314, mixed mode, tiered, compressed oops, compressed class ptrs, g1 gc, windows-amd64)
GC Precious Log:
 CPUs: 12 total, 12 available
 Memory: 7520M
 Large Page Support: Disabled
 NUMA Support: Disabled
 Compressed Oops: Enabled (32-bit)
 Heap Region Size: 1M
 Heap Min Capacity: 8M
 Heap Initial Capacity: 118M
 Heap Max Capacity: 2G
 Pre-touch: Disabled
 Parallel Workers: 10
 Concurrent Workers: 3
 Concurrent Refinement Workers: 10
 Periodic GC: Disabled
Heap:
 garbage-first heap   total 260096K, used 208068K [0x0000000080000000, 0x0000000100000000)
  region size 1024K, 40 young (40960K), 3 survivors (3072K)
 Metaspace       used 118762K, committed 119744K, reserved 1179648K
  class space    used 15688K, committed 16192K, reserved 1048576K
GC Heap History (20 events):
Event: 18.970 GC heap before
{Heap before GC invocations=53 (full 0):
 garbage-first heap   total 260096K, used 218086K [0x0000000080000000, 0x0000000100000000)
  region size 1024K, 66 young (67584K), 6 survivors (6144K)
 Metaspace       used 112614K, committed 113472K, reserved 1179648K
  class space    used 15106K, committed 15552K, reserved 1048576K
}
Event: 18.974 GC heap after
{Heap after GC invocations=54 (full 0):
 garbage-first heap   total 260096K, used 158837K [0x0000000080000000, 0x0000000100000000)
  region size 1024K, 5 young (5120K), 5 survivors (5120K)
 Metaspace       used 112614K, committed 113472K, reserved 1179648K
  class space    used 15106K, committed 15552K, reserved 1048576K
}
Event: 19.455 GC heap before
{Heap before GC invocations=54 (full 0):
 garbage-first heap   total 260096K, used 218229K [0x0000000080000000, 0x0000000100000000)
  region size 1024K, 63 young (64512K), 5 survivors (5120K)
 Metaspace       used 112614K, committed 113472K, reserved 1179648K
  class space    used 15106K, committed 15552K, reserved 1048576K
}
Event: 19.458 GC heap after
{Heap after GC invocations=55 (full 0):
 garbage-first heap   total 260096K, used 160581K [0x0000000080000000, 0x0000000100000000)
  region size 1024K, 5 young (5120K), 5 survivors (5120K)
 Metaspace       used 112614K, committed 113472K, reserved 1179648K
  class space    used 15106K, committed 15552K, reserved 1048576K
}
Event: 19.951 GC heap before
{Heap before GC invocations=55 (full 0):
 garbage-first heap   total 260096K, used 218949K [0x0000000080000000, 0x0000000100000000)
  region size 1024K, 62 young (63488K), 5 survivors (5120K)
 Metaspace       used 112614K, committed 113472K, reserved 1179648K
  class space    used 15106K, committed 15552K, reserved 1048576K
}
Event: 19.956 GC heap after
{Heap after GC invocations=56 (full 0):
 garbage-first heap   total 260096K, used 162089K [0x0000000080000000, 0x0000000100000000)
  region size 1024K, 6 young (6144K), 6 survivors (6144K)
 Metaspace       used 112614K, committed 113472K, reserved 1179648K
  class space    used 15106K, committed 15552K, reserved 1048576K
}
Event: 20.360 GC heap before
{Heap before GC invocations=56 (full 0):
 garbage-first heap   total 260096K, used 220457K [0x0000000080000000, 0x0000000100000000)
  region size 1024K, 63 young (64512K), 6 survivors (6144K)
 Metaspace       used 112614K, committed 113472K, reserved 1179648K
  class space    used 15106K, committed 15552K, reserved 1048576K
}
Event: 20.367 GC heap after
{Heap after GC invocations=57 (full 0):
 garbage-first heap   total 260096K, used 164311K [0x0000000080000000, 0x0000000100000000)
  region size 1024K, 7 young (7168K), 7 survivors (7168K)
 Metaspace       used 112614K, committed 113472K, reserved 1179648K
  class space    used 15106K, committed 15552K, reserved 1048576K
}
Event: 20.956 GC heap before
{Heap before GC invocations=57 (full 0):
 garbage-first heap   total 260096K, used 219607K [0x0000000080000000, 0x0000000100000000)
  region size 1024K, 61 young (62464K), 7 survivors (7168K)
 Metaspace       used 112614K, committed 113472K, reserved 1179648K
  class space    used 15106K, committed 15552K, reserved 1048576K
}
Event: 20.961 GC heap after
{Heap after GC invocations=58 (full 0):
 garbage-first heap   total 260096K, used 166290K [0x0000000080000000, 0x0000000100000000)
  region size 1024K, 5 young (5120K), 5 survivors (5120K)
 Metaspace       used 112614K, committed 113472K, reserved 1179648K
  class space    used 15106K, committed 15552K, reserved 1048576K
}
Event: 21.365 GC heap before
{Heap before GC invocations=58 (full 0):
 garbage-first heap   total 260096K, used 220562K [0x0000000080000000, 0x0000000100000000)
  region size 1024K, 58 young (59392K), 5 survivors (5120K)
 Metaspace       used 112615K, committed 113472K, reserved 1179648K
  class space    used 15106K, committed 15552K, reserved 1048576K
}
Event: 21.372 GC heap after
{Heap after GC invocations=59 (full 0):
 garbage-first heap   total 260096K, used 167753K [0x0000000080000000, 0x0000000100000000)
  region size 1024K, 5 young (5120K), 5 survivors (5120K)
 Metaspace       used 112615K, committed 113472K, reserved 1179648K
  class space    used 15106K, committed 15552K, reserved 1048576K
}
Event: 21.989 GC heap before
{Heap before GC invocations=59 (full 0):
 garbage-first heap   total 260096K, used 221001K [0x0000000080000000, 0x0000000100000000)
  region size 1024K, 57 young (58368K), 5 survivors (5120K)
 Metaspace       used 112690K, committed 113536K, reserved 1179648K
  class space    used 15116K, committed 15552K, reserved 1048576K
}
Event: 21.994 GC heap after
{Heap after GC invocations=60 (full 0):
 garbage-first heap   total 260096K, used 169407K [0x0000000080000000, 0x0000000100000000)
  region size 1024K, 6 young (6144K), 6 survivors (6144K)
 Metaspace       used 112690K, committed 113536K, reserved 1179648K
  class space    used 15116K, committed 15552K, reserved 1048576K
}
Event: 22.467 GC heap before
{Heap before GC invocations=60 (full 0):
 garbage-first heap   total 260096K, used 219583K [0x0000000080000000, 0x0000000100000000)
  region size 1024K, 56 young (57344K), 6 survivors (6144K)
 Metaspace       used 116562K, committed 117504K, reserved 1179648K
  class space    used 15515K, committed 16000K, reserved 1048576K
}
Event: 22.471 GC heap after
{Heap after GC invocations=61 (full 0):
 garbage-first heap   total 260096K, used 171378K [0x0000000080000000, 0x0000000100000000)
  region size 1024K, 3 young (3072K), 3 survivors (3072K)
 Metaspace       used 116562K, committed 117504K, reserved 1179648K
  class space    used 15515K, committed 16000K, reserved 1048576K
}
Event: 1580.059 GC heap before
{Heap before GC invocations=61 (full 0):
 garbage-first heap   total 260096K, used 219506K [0x0000000080000000, 0x0000000100000000)
  region size 1024K, 51 young (52224K), 3 survivors (3072K)
 Metaspace       used 118369K, committed 119360K, reserved 1179648K
  class space    used 15648K, committed 16128K, reserved 1048576K
}
Event: 1580.131 GC heap after
{Heap after GC invocations=62 (full 0):
 garbage-first heap   total 260096K, used 171275K [0x0000000080000000, 0x0000000100000000)
  region size 1024K, 3 young (3072K), 3 survivors (3072K)
 Metaspace       used 118369K, committed 119360K, reserved 1179648K
  class space    used 15648K, committed 16128K, reserved 1048576K
}
Event: 4431.042 GC heap before
{Heap before GC invocations=62 (full 0):
 garbage-first heap   total 260096K, used 223499K [0x0000000080000000, 0x0000000100000000)
  region size 1024K, 54 young (55296K), 3 survivors (3072K)
 Metaspace       used 118433K, committed 119424K, reserved 1179648K
  class space    used 15648K, committed 16128K, reserved 1048576K
}
Event: 4431.100 GC heap after
{Heap after GC invocations=63 (full 0):
 garbage-first heap   total 260096K, used 171204K [0x0000000080000000, 0x0000000100000000)
  region size 1024K, 3 young (3072K), 3 survivors (3072K)
 Metaspace       used 118433K, committed 119424K, reserved 1179648K
  class space    used 15648K, committed 16128K, reserved 1048576K
}

